# JRE version: Java(TM) SE Runtime Environment (8.0_101-b13) (build 1.8.0_101-b13)
# Java VM: Java HotSpot(TM) 64-Bit Server VM (25.101-b13 mixed mode linux-amd64 compressed oops)
Heap:
 PSYoungGen      total 802816K, used 139237K [0x000000076ab00000, 0x00000007a4300000, 0x00000007c0000000)
  eden space 663552K, 0% used [0x000000076ab00000,0x000000076ab00000,0x0000000793300000)
  from space 139264K, 99% used [0x0000000793300000,0x000000079baf9678,0x000000079bb00000)
  to   space 118784K, 0% used [0x000000079cf00000,0x000000079cf00000,0x00000007a4300000)
 ParOldGen       total 475648K, used 356305K [0x00000006c0000000, 0x00000006dd080000, 0x000000076ab00000)
  object space 475648K, 74% used [0x00000006c0000000,0x00000006d5bf46c0,0x00000006dd080000)
 Metaspace       used 6586K, capacity 7320K, committed 7680K, reserved 1056768K
  class space    used 617K, capacity 656K, committed 768K, reserved 1048576K
GC Heap History (10 events):
Event: 8.899 GC heap after
Heap after GC invocations=11 (full 1):
 PSYoungGen      total 661504K, used 92652K [0x000000076ab00000, 0x000000079f400000, 0x00000007c0000000)
  eden space 568832K, 0% used [0x000000076ab00000,0x000000076ab00000,0x000000078d680000)
  from space 92672K, 99% used [0x0000000795000000,0x000000079aa7b3b8,0x000000079aa80000)
  to   space 124416K, 0% used [0x000000078d680000,0x000000078d680000,0x0000000795000000)
 ParOldGen       total 162304K, used 162077K [0x00000006c0000000, 0x00000006c9e80000, 0x000000076ab00000)
  object space 162304K, 99% used [0x00000006c0000000,0x00000006c9e477c8,0x00000006c9e80000)
 Metaspace       used 6548K, capacity 7320K, committed 7680K, reserved 1056768K
  class space    used 616K, capacity 656K, committed 768K, reserved 1048576K
}
Event: 8.899 GC heap before
{Heap before GC invocations=12 (full 2):
 PSYoungGen      total 661504K, used 92652K [0x000000076ab00000, 0x000000079f400000, 0x00000007c0000000)
  eden space 568832K, 0% used [0x000000076ab00000,0x000000076ab00000,0x000000078d680000)
  from space 92672K, 99% used [0x0000000795000000,0x000000079aa7b3b8,0x000000079aa80000)
  to   space 124416K, 0% used [0x000000078d680000,0x000000078d680000,0x0000000795000000)
 ParOldGen       total 162304K, used 162077K [0x00000006c0000000, 0x00000006c9e80000, 0x000000076ab00000)
  object space 162304K, 99% used [0x00000006c0000000,0x00000006c9e477c8,0x00000006c9e80000)
 Metaspace       used 6548K, capacity 7320K, committed 7680K, reserved 1056768K
  class space    used 616K, capacity 656K, committed 768K, reserved 1048576K
Event: 10.008 GC heap after
Heap after GC invocations=12 (full 2):
 PSYoungGen      total 661504K, used 86222K [0x000000076ab00000, 0x000000079f400000, 0x00000007c0000000)
  eden space 568832K, 0% used [0x000000076ab00000,0x000000076ab00000,0x000000078d680000)
  from space 92672K, 93% used [0x0000000795000000,0x000000079a4338a0,0x000000079aa80000)
  to   space 124416K, 0% used [0x000000078d680000,0x000000078d680000,0x0000000795000000)
 ParOldGen       total 288768K, used 162019K [0x00000006c0000000, 0x00000006d1a00000, 0x000000076ab00000)
  object space 288768K, 56% used [0x00000006c0000000,0x00000006c9e38e98,0x00000006d1a00000)
 Metaspace       used 6548K, capacity 7320K, committed 7680K, reserved 1056768K
  class space    used 616K, capacity 656K, committed 768K, reserved 1048576K
}
Event: 11.699 GC heap before
{Heap before GC invocations=13 (full 2):
 PSYoungGen      total 661504K, used 655054K [0x000000076ab00000, 0x000000079f400000, 0x00000007c0000000)
  eden space 568832K, 100% used [0x000000076ab00000,0x000000078d680000,0x000000078d680000)
  from space 92672K, 93% used [0x0000000795000000,0x000000079a4338a0,0x000000079aa80000)
  to   space 124416K, 0% used [0x000000078d680000,0x000000078d680000,0x0000000795000000)
 ParOldGen       total 288768K, used 162019K [0x00000006c0000000, 0x00000006d1a00000, 0x000000076ab00000)
  object space 288768K, 56% used [0x00000006c0000000,0x00000006c9e38e98,0x00000006d1a00000)
 Metaspace       used 6577K, capacity 7320K, committed 7680K, reserved 1056768K
  class space    used 616K, capacity 656K, committed 768K, reserved 1048576K
Event: 12.038 GC heap after
Heap after GC invocations=13 (full 2):
 PSYoungGen      total 693248K, used 69341K [0x000000076ab00000, 0x00000007a4a80000, 0x00000007c0000000)
  eden space 568832K, 0% used [0x000000076ab00000,0x000000076ab00000,0x000000078d680000)
  from space 124416K, 55% used [0x000000078d680000,0x0000000791a377c0,0x0000000795000000)
  to   space 126464K, 0% used [0x000000079cf00000,0x000000079cf00000,0x00000007a4a80000)
 ParOldGen       total 288768K, used 247575K [0x00000006c0000000, 0x00000006d1a00000, 0x000000076ab00000)
  object space 288768K, 85% used [0x00000006c0000000,0x00000006cf1c5c78,0x00000006d1a00000)
 Metaspace       used 6577K, capacity 7320K, committed 7680K, reserved 1056768K
  class space    used 616K, capacity 656K, committed 768K, reserved 1048576K
}
Event: 12.038 GC heap before
{Heap before GC invocations=14 (full 3):
 PSYoungGen      total 693248K, used 69341K [0x000000076ab00000, 0x00000007a4a80000, 0x00000007c0000000)
  eden space 568832K, 0% used [0x000000076ab00000,0x000000076ab00000,0x000000078d680000)
  from space 124416K, 55% used [0x000000078d680000,0x0000000791a377c0,0x0000000795000000)
  to   space 126464K, 0% used [0x000000079cf00000,0x000000079cf00000,0x00000007a4a80000)
 ParOldGen       total 288768K, used 247575K [0x00000006c0000000, 0x00000006d1a00000, 0x000000076ab00000)
  object space 288768K, 85% used [0x00000006c0000000,0x00000006cf1c5c78,0x00000006d1a00000)
 Metaspace       used 6577K, capacity 7320K, committed 7680K, reserved 1056768K
  class space    used 616K, capacity 656K, committed 768K, reserved 1048576K
Event: 16.261 GC heap after
Heap after GC invocations=14 (full 3):
 PSYoungGen      total 693248K, used 23072K [0x000000076ab00000, 0x00000007a4a80000, 0x00000007c0000000)
  eden space 568832K, 0% used [0x000000076ab00000,0x000000076ab00000,0x000000078d680000)
  from space 124416K, 18% used [0x000000078d680000,0x000000078ed08110,0x0000000795000000)
  to   space 126464K, 0% used [0x000000079cf00000,0x000000079cf00000,0x00000007a4a80000)
 ParOldGen       total 475648K, used 288508K [0x00000006c0000000, 0x00000006dd080000, 0x000000076ab00000)
  object space 475648K, 60% used [0x00000006c0000000,0x00000006d19bf070,0x00000006dd080000)
 Metaspace       used 6577K, capacity 7320K, committed 7680K, reserved 1056768K
  class space    used 616K, capacity 656K, committed 768K, reserved 1048576K
}
Event: 23.630 GC heap before
{Heap before GC invocations=15 (full 3):
 PSYoungGen      total 693248K, used 591904K [0x000000076ab00000, 0x00000007a4a80000, 0x00000007c0000000)
  eden space 568832K, 100% used [0x000000076ab00000,0x000000078d680000,0x000000078d680000)
  from space 124416K, 18% used [0x000000078d680000,0x000000078ed08110,0x0000000795000000)
  to   space 126464K, 0% used [0x000000079cf00000,0x000000079cf00000,0x00000007a4a80000)
 ParOldGen       total 475648K, used 288508K [0x00000006c0000000, 0x00000006dd080000, 0x000000076ab00000)
  object space 475648K, 60% used [0x00000006c0000000,0x00000006d19bf070,0x00000006dd080000)
 Metaspace       used 6581K, capacity 7320K, committed 7680K, reserved 1056768K
  class space    used 616K, capacity 656K, committed 768K, reserved 1048576K
Event: 26.704 GC heap after
Heap after GC invocations=15 (full 3):
 PSYoungGen      total 782336K, used 102707K [0x000000076ab00000, 0x00000007a4300000, 0x00000007c0000000)
  eden space 663552K, 0% used [0x000000076ab00000,0x000000076ab00000,0x0000000793300000)
  from space 118784K, 86% used [0x000000079cf00000,0x00000007a334ce98,0x00000007a4300000)
  to   space 139264K, 0% used [0x0000000793300000,0x0000000793300000,0x000000079bb00000)
 ParOldGen       total 475648K, used 288508K [0x00000006c0000000, 0x00000006dd080000, 0x000000076ab00000)
  object space 475648K, 60% used [0x00000006c0000000,0x00000006d19bf070,0x00000006dd080000)
 Metaspace       used 6581K, capacity 7320K, committed 7680K, reserved 1056768K
  class space    used 616K, capacity 656K, committed 768K, reserved 1048576K
}
Event: 43.359 GC heap before
{Heap before GC invocations=16 (full 3):
 PSYoungGen      total 782336K, used 766259K [0x000000076ab00000, 0x00000007a4300000, 0x00000007c0000000)
  eden space 663552K, 100% used [0x000000076ab00000,0x0000000793300000,0x0000000793300000)
  from space 118784K, 86% used [0x000000079cf00000,0x00000007a334ce98,0x00000007a4300000)
  to   space 139264K, 0% used [0x0000000793300000,0x0000000793300000,0x000000079bb00000)
 ParOldGen       total 475648K, used 288508K [0x00000006c0000000, 0x00000006dd080000, 0x000000076ab00000)
  object space 475648K, 60% used [0x00000006c0000000,0x00000006d19bf070,0x00000006dd080000)
 Metaspace       used 6586K, capacity 7320K, committed 7680K, reserved 1056768K
  class space    used 617K, capacity 656K, committed 768K, reserved 1048576K

