# JRE version: Java(TM) SE Runtime Environment (8.0_101-b13) (build 1.8.0_101-b13)
# Java VM: Java HotSpot(TM) 64-Bit Server VM (25.101-b13 mixed mode linux-amd64 compressed oops)
Heap:
 PSYoungGen      total 818688K, used 141301K [0x000000076ab00000, 0x00000007a5480000, 0x00000007c0000000)
  eden space 677376K, 0% used [0x000000076ab00000,0x000000076ab00000,0x0000000794080000)
  from space 141312K, 99% used [0x0000000794080000,0x000000079ca7d770,0x000000079ca80000)
  to   space 127488K, 0% used [0x000000079d300000,0x000000079d300000,0x00000007a4f80000)
 ParOldGen       total 470528K, used 355712K [0x00000006c0000000, 0x00000006dcb80000, 0x000000076ab00000)
  object space 470528K, 75% used [0x00000006c0000000,0x00000006d5b603a8,0x00000006dcb80000)
 Metaspace       used 6574K, capacity 7320K, committed 7680K, reserved 1056768K
  class space    used 616K, capacity 656K, committed 768K, reserved 1048576K
GC Heap History (10 events):
Event: 8.463 GC heap after
Heap after GC invocations=11 (full 1):
 PSYoungGen      total 660992K, used 93690K [0x000000076ab00000, 0x000000079f980000, 0x00000007c0000000)
  eden space 567296K, 0% used [0x000000076ab00000,0x000000076ab00000,0x000000078d500000)
  from space 93696K, 99% used [0x0000000795000000,0x000000079ab7e960,0x000000079ab80000)
  to   space 125952K, 0% used [0x000000078d500000,0x000000078d500000,0x0000000795000000)
 ParOldGen       total 162816K, used 162589K [0x00000006c0000000, 0x00000006c9f00000, 0x000000076ab00000)
  object space 162816K, 99% used [0x00000006c0000000,0x00000006c9ec75d0,0x00000006c9f00000)
 Metaspace       used 6535K, capacity 7256K, committed 7424K, reserved 1056768K
  class space    used 615K, capacity 656K, committed 768K, reserved 1048576K
}
Event: 8.463 GC heap before
{Heap before GC invocations=12 (full 2):
 PSYoungGen      total 660992K, used 93690K [0x000000076ab00000, 0x000000079f980000, 0x00000007c0000000)
  eden space 567296K, 0% used [0x000000076ab00000,0x000000076ab00000,0x000000078d500000)
  from space 93696K, 99% used [0x0000000795000000,0x000000079ab7e960,0x000000079ab80000)
  to   space 125952K, 0% used [0x000000078d500000,0x000000078d500000,0x0000000795000000)
 ParOldGen       total 162816K, used 162589K [0x00000006c0000000, 0x00000006c9f00000, 0x000000076ab00000)
  object space 162816K, 99% used [0x00000006c0000000,0x00000006c9ec75d0,0x00000006c9f00000)
 Metaspace       used 6535K, capacity 7256K, committed 7424K, reserved 1056768K
  class space    used 615K, capacity 656K, committed 768K, reserved 1048576K
Event: 9.583 GC heap after
Heap after GC invocations=12 (full 2):
 PSYoungGen      total 660992K, used 86949K [0x000000076ab00000, 0x000000079f980000, 0x00000007c0000000)
  eden space 567296K, 0% used [0x000000076ab00000,0x000000076ab00000,0x000000078d500000)
  from space 93696K, 92% used [0x0000000795000000,0x000000079a4e9640,0x000000079ab80000)
  to   space 125952K, 0% used [0x000000078d500000,0x000000078d500000,0x0000000795000000)
 ParOldGen       total 288256K, used 162369K [0x00000006c0000000, 0x00000006d1980000, 0x000000076ab00000)
  object space 288256K, 56% used [0x00000006c0000000,0x00000006c9e90728,0x00000006d1980000)
 Metaspace       used 6535K, capacity 7256K, committed 7424K, reserved 1056768K
  class space    used 615K, capacity 656K, committed 768K, reserved 1048576K
}
Event: 11.029 GC heap before
{Heap before GC invocations=13 (full 2):
 PSYoungGen      total 660992K, used 654245K [0x000000076ab00000, 0x000000079f980000, 0x00000007c0000000)
  eden space 567296K, 100% used [0x000000076ab00000,0x000000078d500000,0x000000078d500000)
  from space 93696K, 92% used [0x0000000795000000,0x000000079a4e9640,0x000000079ab80000)
  to   space 125952K, 0% used [0x000000078d500000,0x000000078d500000,0x0000000795000000)
 ParOldGen       total 288256K, used 162369K [0x00000006c0000000, 0x00000006d1980000, 0x000000076ab00000)
  object space 288256K, 56% used [0x00000006c0000000,0x00000006c9e90728,0x00000006d1980000)
 Metaspace       used 6568K, capacity 7320K, committed 7680K, reserved 1056768K
  class space    used 616K, capacity 656K, committed 768K, reserved 1048576K
Event: 11.344 GC heap after
Heap after GC invocations=13 (full 2):
 PSYoungGen      total 693248K, used 69367K [0x000000076ab00000, 0x00000007a4f80000, 0x00000007c0000000)
  eden space 567296K, 0% used [0x000000076ab00000,0x000000076ab00000,0x000000078d500000)
  from space 125952K, 55% used [0x000000078d500000,0x00000007918bde10,0x0000000795000000)
  to   space 127488K, 0% used [0x000000079d300000,0x000000079d300000,0x00000007a4f80000)
 ParOldGen       total 288256K, used 248638K [0x00000006c0000000, 0x00000006d1980000, 0x000000076ab00000)
  object space 288256K, 86% used [0x00000006c0000000,0x00000006cf2cfa78,0x00000006d1980000)
 Metaspace       used 6568K, capacity 7320K, committed 7680K, reserved 1056768K
  class space    used 616K, capacity 656K, committed 768K, reserved 1048576K
}
Event: 11.344 GC heap before
{Heap before GC invocations=14 (full 3):
 PSYoungGen      total 693248K, used 69367K [0x000000076ab00000, 0x00000007a4f80000, 0x00000007c0000000)
  eden space 567296K, 0% used [0x000000076ab00000,0x000000076ab00000,0x000000078d500000)
  from space 125952K, 55% used [0x000000078d500000,0x00000007918bde10,0x0000000795000000)
  to   space 127488K, 0% used [0x000000079d300000,0x000000079d300000,0x00000007a4f80000)
 ParOldGen       total 288256K, used 248638K [0x00000006c0000000, 0x00000006d1980000, 0x000000076ab00000)
  object space 288256K, 86% used [0x00000006c0000000,0x00000006cf2cfa78,0x00000006d1980000)
 Metaspace       used 6568K, capacity 7320K, committed 7680K, reserved 1056768K
  class space    used 616K, capacity 656K, committed 768K, reserved 1048576K
Event: 12.536 GC heap after
Heap after GC invocations=14 (full 3):
 PSYoungGen      total 693248K, used 24645K [0x000000076ab00000, 0x00000007a4f80000, 0x00000007c0000000)
  eden space 567296K, 0% used [0x000000076ab00000,0x000000076ab00000,0x000000078d500000)
  from space 125952K, 19% used [0x000000078d500000,0x000000078ed11400,0x0000000795000000)
  to   space 127488K, 0% used [0x000000079d300000,0x000000079d300000,0x00000007a4f80000)
 ParOldGen       total 470528K, used 287745K [0x00000006c0000000, 0x00000006dcb80000, 0x000000076ab00000)
  object space 470528K, 61% used [0x00000006c0000000,0x00000006d1900648,0x00000006dcb80000)
 Metaspace       used 6568K, capacity 7320K, committed 7680K, reserved 1056768K
  class space    used 616K, capacity 656K, committed 768K, reserved 1048576K
}
Event: 14.393 GC heap before
{Heap before GC invocations=15 (full 3):
 PSYoungGen      total 693248K, used 591941K [0x000000076ab00000, 0x00000007a4f80000, 0x00000007c0000000)
  eden space 567296K, 100% used [0x000000076ab00000,0x000000078d500000,0x000000078d500000)
  from space 125952K, 19% used [0x000000078d500000,0x000000078ed11400,0x0000000795000000)
  to   space 127488K, 0% used [0x000000079d300000,0x000000079d300000,0x00000007a4f80000)
 ParOldGen       total 470528K, used 287745K [0x00000006c0000000, 0x00000006dcb80000, 0x000000076ab00000)
  object space 470528K, 61% used [0x00000006c0000000,0x00000006d1900648,0x00000006dcb80000)
 Metaspace       used 6572K, capacity 7320K, committed 7680K, reserved 1056768K
  class space    used 616K, capacity 656K, committed 768K, reserved 1048576K
Event: 14.838 GC heap after
Heap after GC invocations=15 (full 3):
 PSYoungGen      total 804864K, used 105090K [0x000000076ab00000, 0x00000007a5480000, 0x00000007c0000000)
  eden space 677376K, 0% used [0x000000076ab00000,0x000000076ab00000,0x0000000794080000)
  from space 127488K, 82% used [0x000000079d300000,0x00000007a39a0a68,0x00000007a4f80000)
  to   space 141312K, 0% used [0x0000000794080000,0x0000000794080000,0x000000079ca80000)
 ParOldGen       total 470528K, used 287745K [0x00000006c0000000, 0x00000006dcb80000, 0x000000076ab00000)
  object space 470528K, 61% used [0x00000006c0000000,0x00000006d1900648,0x00000006dcb80000)
 Metaspace       used 6572K, capacity 7320K, committed 7680K, reserved 1056768K
  class space    used 616K, capacity 656K, committed 768K, reserved 1048576K
}
Event: 16.921 GC heap before
{Heap before GC invocations=16 (full 3):
 PSYoungGen      total 804864K, used 782466K [0x000000076ab00000, 0x00000007a5480000, 0x00000007c0000000)
  eden space 677376K, 100% used [0x000000076ab00000,0x0000000794080000,0x0000000794080000)
  from space 127488K, 82% used [0x000000079d300000,0x00000007a39a0a68,0x00000007a4f80000)
  to   space 141312K, 0% used [0x0000000794080000,0x0000000794080000,0x000000079ca80000)
 ParOldGen       total 470528K, used 287745K [0x00000006c0000000, 0x00000006dcb80000, 0x000000076ab00000)
  object space 470528K, 61% used [0x00000006c0000000,0x00000006d1900648,0x00000006dcb80000)
 Metaspace       used 6574K, capacity 7320K, committed 7680K, reserved 1056768K
  class space    used 616K, capacity 656K, committed 768K, reserved 1048576K

