# JRE version: Java(TM) SE Runtime Environment (8.0_101-b13) (build 1.8.0_101-b13)
# Java VM: Java HotSpot(TM) 64-Bit Server VM (25.101-b13 mixed mode linux-amd64 compressed oops)
Heap:
 PSYoungGen      total 1108992K, used 154369K [0x000000076ab00000, 0x00000007c0000000, 0x00000007c0000000)
  eden space 909824K, 0% used [0x000000076ab00000,0x000000076ab00000,0x00000007a2380000)
  from space 199168K, 77% used [0x00000007af980000,0x00000007b90405d0,0x00000007bbc00000)
  to   space 219136K, 0% used [0x00000007a2380000,0x00000007a2380000,0x00000007af980000)
 ParOldGen       total 465408K, used 465178K [0x00000006c0000000, 0x00000006dc680000, 0x000000076ab00000)
  object space 465408K, 99% used [0x00000006c0000000,0x00000006dc646b20,0x00000006dc680000)
 Metaspace       used 6578K, capacity 7320K, committed 7680K, reserved 1056768K
  class space    used 617K, capacity 656K, committed 768K, reserved 1048576K
GC Heap History (10 events):
Event: 25.654 GC heap after
Heap after GC invocations=13 (full 2):
 PSYoungGen      total 704512K, used 71422K [0x000000076ab00000, 0x00000007a7880000, 0x00000007c0000000)
  eden space 581120K, 0% used [0x000000076ab00000,0x000000076ab00000,0x000000078e280000)
  from space 123392K, 57% used [0x000000078e280000,0x000000079283f810,0x0000000795b00000)
  to   space 126464K, 0% used [0x000000079fd00000,0x000000079fd00000,0x00000007a7880000)
 ParOldGen       total 282112K, used 245919K [0x00000006c0000000, 0x00000006d1380000, 0x000000076ab00000)
  object space 282112K, 87% used [0x00000006c0000000,0x00000006cf027f90,0x00000006d1380000)
 Metaspace       used 6565K, capacity 7320K, committed 7680K, reserved 1056768K
  class space    used 616K, capacity 656K, committed 768K, reserved 1048576K
}
Event: 25.654 GC heap before
{Heap before GC invocations=14 (full 3):
 PSYoungGen      total 704512K, used 71422K [0x000000076ab00000, 0x00000007a7880000, 0x00000007c0000000)
  eden space 581120K, 0% used [0x000000076ab00000,0x000000076ab00000,0x000000078e280000)
  from space 123392K, 57% used [0x000000078e280000,0x000000079283f810,0x0000000795b00000)
  to   space 126464K, 0% used [0x000000079fd00000,0x000000079fd00000,0x00000007a7880000)
 ParOldGen       total 282112K, used 245919K [0x00000006c0000000, 0x00000006d1380000, 0x000000076ab00000)
  object space 282112K, 87% used [0x00000006c0000000,0x00000006cf027f90,0x00000006d1380000)
 Metaspace       used 6565K, capacity 7320K, committed 7680K, reserved 1056768K
  class space    used 616K, capacity 656K, committed 768K, reserved 1048576K
Event: 27.696 GC heap after
Heap after GC invocations=14 (full 3):
 PSYoungGen      total 704512K, used 30206K [0x000000076ab00000, 0x00000007a7880000, 0x00000007c0000000)
  eden space 581120K, 0% used [0x000000076ab00000,0x000000076ab00000,0x000000078e280000)
  from space 123392K, 24% used [0x000000078e280000,0x000000078ffff8c0,0x0000000795b00000)
  to   space 126464K, 0% used [0x000000079fd00000,0x000000079fd00000,0x00000007a7880000)
 ParOldGen       total 451584K, used 281769K [0x00000006c0000000, 0x00000006db900000, 0x000000076ab00000)
  object space 451584K, 62% used [0x00000006c0000000,0x00000006d132a658,0x00000006db900000)
 Metaspace       used 6565K, capacity 7320K, committed 7680K, reserved 1056768K
  class space    used 616K, capacity 656K, committed 768K, reserved 1048576K
}
Event: 40.100 GC heap before
{Heap before GC invocations=15 (full 3):
 PSYoungGen      total 704512K, used 611326K [0x000000076ab00000, 0x00000007a7880000, 0x00000007c0000000)
  eden space 581120K, 100% used [0x000000076ab00000,0x000000078e280000,0x000000078e280000)
  from space 123392K, 24% used [0x000000078e280000,0x000000078ffff8c0,0x0000000795b00000)
  to   space 126464K, 0% used [0x000000079fd00000,0x000000079fd00000,0x00000007a7880000)
 ParOldGen       total 451584K, used 281769K [0x00000006c0000000, 0x00000006db900000, 0x000000076ab00000)
  object space 451584K, 62% used [0x00000006c0000000,0x00000006d132a658,0x00000006db900000)
 Metaspace       used 6568K, capacity 7320K, committed 7680K, reserved 1056768K
  class space    used 616K, capacity 656K, committed 768K, reserved 1048576K
Event: 43.260 GC heap after
Heap after GC invocations=15 (full 3):
 PSYoungGen      total 852992K, used 113601K [0x000000076ab00000, 0x00000007a9080000, 0x00000007c0000000)
  eden space 726528K, 0% used [0x000000076ab00000,0x000000076ab00000,0x0000000797080000)
  from space 126464K, 89% used [0x000000079fd00000,0x00000007a6bf06c0,0x00000007a7880000)
  to   space 143872K, 0% used [0x0000000797080000,0x0000000797080000,0x000000079fd00000)
 ParOldGen       total 451584K, used 281777K [0x00000006c0000000, 0x00000006db900000, 0x000000076ab00000)
  object space 451584K, 62% used [0x00000006c0000000,0x00000006d132c658,0x00000006db900000)
 Metaspace       used 6568K, capacity 7320K, committed 7680K, reserved 1056768K
  class space    used 616K, capacity 656K, committed 768K, reserved 1048576K
}
Event: 54.116 GC heap before
{Heap before GC invocations=16 (full 3):
 PSYoungGen      total 852992K, used 840129K [0x000000076ab00000, 0x00000007a9080000, 0x00000007c0000000)
  eden space 726528K, 100% used [0x000000076ab00000,0x0000000797080000,0x0000000797080000)
  from space 126464K, 89% used [0x000000079fd00000,0x00000007a6bf06c0,0x00000007a7880000)
  to   space 143872K, 0% used [0x0000000797080000,0x0000000797080000,0x000000079fd00000)
 ParOldGen       total 451584K, used 281777K [0x00000006c0000000, 0x00000006db900000, 0x000000076ab00000)
  object space 451584K, 62% used [0x00000006c0000000,0x00000006d132c658,0x00000006db900000)
 Metaspace       used 6575K, capacity 7320K, committed 7680K, reserved 1056768K
  class space    used 617K, capacity 656K, committed 768K, reserved 1048576K
Event: 58.461 GC heap after
Heap after GC invocations=16 (full 3):
 PSYoungGen      total 870400K, used 143856K [0x000000076ab00000, 0x00000007bbc00000, 0x00000007c0000000)
  eden space 726528K, 0% used [0x000000076ab00000,0x000000076ab00000,0x0000000797080000)
  from space 143872K, 99% used [0x0000000797080000,0x000000079fcfc0c8,0x000000079fd00000)
  to   space 199168K, 0% used [0x00000007af980000,0x00000007af980000,0x00000007bbc00000)
 ParOldGen       total 451584K, used 364576K [0x00000006c0000000, 0x00000006db900000, 0x000000076ab00000)
  object space 451584K, 80% used [0x00000006c0000000,0x00000006d64080d0,0x00000006db900000)
 Metaspace       used 6575K, capacity 7320K, committed 7680K, reserved 1056768K
  class space    used 617K, capacity 656K, committed 768K, reserved 1048576K
}
Event: 73.546 GC heap before
{Heap before GC invocations=17 (full 3):
 PSYoungGen      total 870400K, used 870384K [0x000000076ab00000, 0x00000007bbc00000, 0x00000007c0000000)
  eden space 726528K, 100% used [0x000000076ab00000,0x0000000797080000,0x0000000797080000)
  from space 143872K, 99% used [0x0000000797080000,0x000000079fcfc0c8,0x000000079fd00000)
  to   space 199168K, 0% used [0x00000007af980000,0x00000007af980000,0x00000007bbc00000)
 ParOldGen       total 451584K, used 364576K [0x00000006c0000000, 0x00000006db900000, 0x000000076ab00000)
  object space 451584K, 80% used [0x00000006c0000000,0x00000006d64080d0,0x00000006db900000)
 Metaspace       used 6578K, capacity 7320K, committed 7680K, reserved 1056768K
  class space    used 617K, capacity 656K, committed 768K, reserved 1048576K
Event: 89.235 GC heap after
Heap after GC invocations=17 (full 3):
 PSYoungGen      total 1108992K, used 158489K [0x000000076ab00000, 0x00000007c0000000, 0x00000007c0000000)
  eden space 909824K, 0% used [0x000000076ab00000,0x000000076ab00000,0x00000007a2380000)
  from space 199168K, 79% used [0x00000007af980000,0x00000007b9446720,0x00000007bbc00000)
  to   space 219136K, 0% used [0x00000007a2380000,0x00000007a2380000,0x00000007af980000)
 ParOldGen       total 465408K, used 464918K [0x00000006c0000000, 0x00000006dc680000, 0x000000076ab00000)
  object space 465408K, 99% used [0x00000006c0000000,0x00000006dc605b98,0x00000006dc680000)
 Metaspace       used 6578K, capacity 7320K, committed 7680K, reserved 1056768K
  class space    used 617K, capacity 656K, committed 768K, reserved 1048576K
}
Event: 89.235 GC heap before
{Heap before GC invocations=18 (full 4):
 PSYoungGen      total 1108992K, used 158489K [0x000000076ab00000, 0x00000007c0000000, 0x00000007c0000000)
  eden space 909824K, 0% used [0x000000076ab00000,0x000000076ab00000,0x00000007a2380000)
  from space 199168K, 79% used [0x00000007af980000,0x00000007b9446720,0x00000007bbc00000)
  to   space 219136K, 0% used [0x00000007a2380000,0x00000007a2380000,0x00000007af980000)
 ParOldGen       total 465408K, used 464918K [0x00000006c0000000, 0x00000006dc680000, 0x000000076ab00000)
  object space 465408K, 99% used [0x00000006c0000000,0x00000006dc605b98,0x00000006dc680000)
 Metaspace       used 6578K, capacity 7320K, committed 7680K, reserved 1056768K
  class space    used 617K, capacity 656K, committed 768K, reserved 1048576K

