# JRE version: Java(TM) SE Runtime Environment (8.0_101-b13) (build 1.8.0_101-b13)
# Java VM: Java HotSpot(TM) 64-Bit Server VM (25.101-b13 mixed mode linux-amd64 compressed oops)
Heap:
 PSYoungGen      total 1013248K, used 103746K [0x000000076ab00000, 0x00000007bb080000, 0x00000007c0000000)
  eden space 832000K, 0% used [0x000000076ab00000,0x000000076ab00000,0x000000079d780000)
  from space 181248K, 57% used [0x00000007a9e00000,0x00000007b03509d0,0x00000007b4f00000)
  to   space 203264K, 0% used [0x000000079d780000,0x000000079d780000,0x00000007a9e00000)
 ParOldGen       total 479232K, used 478816K [0x00000006c0000000, 0x00000006dd400000, 0x000000076ab00000)
  object space 479232K, 99% used [0x00000006c0000000,0x00000006dd398108,0x00000006dd400000)
 Metaspace       used 6577K, capacity 7320K, committed 7680K, reserved 1056768K
  class space    used 616K, capacity 656K, committed 768K, reserved 1048576K
GC Heap History (10 events):
Event: 12.657 GC heap after
Heap after GC invocations=13 (full 2):
 PSYoungGen      total 686080K, used 67894K [0x000000076ab00000, 0x00000007a4c00000, 0x00000007c0000000)
  eden space 562176K, 0% used [0x000000076ab00000,0x000000076ab00000,0x000000078d000000)
  from space 123904K, 54% used [0x000000078d000000,0x000000079124da10,0x0000000794900000)
  to   space 125440K, 0% used [0x000000079d180000,0x000000079d180000,0x00000007a4c00000)
 ParOldGen       total 292864K, used 249179K [0x00000006c0000000, 0x00000006d1e00000, 0x000000076ab00000)
  object space 292864K, 85% used [0x00000006c0000000,0x00000006cf356d98,0x00000006d1e00000)
 Metaspace       used 6566K, capacity 7320K, committed 7680K, reserved 1056768K
  class space    used 616K, capacity 656K, committed 768K, reserved 1048576K
}
Event: 12.657 GC heap before
{Heap before GC invocations=14 (full 3):
 PSYoungGen      total 686080K, used 67894K [0x000000076ab00000, 0x00000007a4c00000, 0x00000007c0000000)
  eden space 562176K, 0% used [0x000000076ab00000,0x000000076ab00000,0x000000078d000000)
  from space 123904K, 54% used [0x000000078d000000,0x000000079124da10,0x0000000794900000)
  to   space 125440K, 0% used [0x000000079d180000,0x000000079d180000,0x00000007a4c00000)
 ParOldGen       total 292864K, used 249179K [0x00000006c0000000, 0x00000006d1e00000, 0x000000076ab00000)
  object space 292864K, 85% used [0x00000006c0000000,0x00000006cf356d98,0x00000006d1e00000)
 Metaspace       used 6566K, capacity 7320K, committed 7680K, reserved 1056768K
  class space    used 616K, capacity 656K, committed 768K, reserved 1048576K
Event: 13.827 GC heap after
Heap after GC invocations=14 (full 3):
 PSYoungGen      total 686080K, used 15932K [0x000000076ab00000, 0x00000007a4c00000, 0x00000007c0000000)
  eden space 562176K, 0% used [0x000000076ab00000,0x000000076ab00000,0x000000078d000000)
  from space 123904K, 12% used [0x000000078d000000,0x000000078df8f118,0x0000000794900000)
  to   space 125440K, 0% used [0x000000079d180000,0x000000079d180000,0x00000007a4c00000)
 ParOldGen       total 479232K, used 292642K [0x00000006c0000000, 0x00000006dd400000, 0x000000076ab00000)
  object space 479232K, 61% used [0x00000006c0000000,0x00000006d1dc8a88,0x00000006dd400000)
 Metaspace       used 6566K, capacity 7320K, committed 7680K, reserved 1056768K
  class space    used 616K, capacity 656K, committed 768K, reserved 1048576K
}
Event: 15.239 GC heap before
{Heap before GC invocations=15 (full 3):
 PSYoungGen      total 686080K, used 578108K [0x000000076ab00000, 0x00000007a4c00000, 0x00000007c0000000)
  eden space 562176K, 100% used [0x000000076ab00000,0x000000078d000000,0x000000078d000000)
  from space 123904K, 12% used [0x000000078d000000,0x000000078df8f118,0x0000000794900000)
  to   space 125440K, 0% used [0x000000079d180000,0x000000079d180000,0x00000007a4c00000)
 ParOldGen       total 479232K, used 292642K [0x00000006c0000000, 0x00000006dd400000, 0x000000076ab00000)
  object space 479232K, 61% used [0x00000006c0000000,0x00000006d1dc8a88,0x00000006dd400000)
 Metaspace       used 6572K, capacity 7320K, committed 7680K, reserved 1056768K
  class space    used 616K, capacity 656K, committed 768K, reserved 1048576K
Event: 15.833 GC heap after
Heap after GC invocations=15 (full 3):
 PSYoungGen      total 816128K, used 92751K [0x000000076ab00000, 0x00000007a5a00000, 0x00000007c0000000)
  eden space 690688K, 0% used [0x000000076ab00000,0x000000076ab00000,0x0000000794d80000)
  from space 125440K, 73% used [0x000000079d180000,0x00000007a2c13f60,0x00000007a4c00000)
  to   space 135168K, 0% used [0x0000000794d80000,0x0000000794d80000,0x000000079d180000)
 ParOldGen       total 479232K, used 292650K [0x00000006c0000000, 0x00000006dd400000, 0x000000076ab00000)
  object space 479232K, 61% used [0x00000006c0000000,0x00000006d1dcaa88,0x00000006dd400000)
 Metaspace       used 6572K, capacity 7320K, committed 7680K, reserved 1056768K
  class space    used 616K, capacity 656K, committed 768K, reserved 1048576K
}
Event: 18.006 GC heap before
{Heap before GC invocations=16 (full 3):
 PSYoungGen      total 816128K, used 783439K [0x000000076ab00000, 0x00000007a5a00000, 0x00000007c0000000)
  eden space 690688K, 100% used [0x000000076ab00000,0x0000000794d80000,0x0000000794d80000)
  from space 125440K, 73% used [0x000000079d180000,0x00000007a2c13f60,0x00000007a4c00000)
  to   space 135168K, 0% used [0x0000000794d80000,0x0000000794d80000,0x000000079d180000)
 ParOldGen       total 479232K, used 292650K [0x00000006c0000000, 0x00000006dd400000, 0x000000076ab00000)
  object space 479232K, 61% used [0x00000006c0000000,0x00000006d1dcaa88,0x00000006dd400000)
 Metaspace       used 6573K, capacity 7320K, committed 7680K, reserved 1056768K
  class space    used 616K, capacity 656K, committed 768K, reserved 1048576K
Event: 18.438 GC heap after
Heap after GC invocations=16 (full 3):
 PSYoungGen      total 825856K, used 135154K [0x000000076ab00000, 0x00000007b4f00000, 0x00000007c0000000)
  eden space 690688K, 0% used [0x000000076ab00000,0x000000076ab00000,0x0000000794d80000)
  from space 135168K, 99% used [0x0000000794d80000,0x000000079d17c9c8,0x000000079d180000)
  to   space 181248K, 0% used [0x00000007a9e00000,0x00000007a9e00000,0x00000007b4f00000)
 ParOldGen       total 479232K, used 354410K [0x00000006c0000000, 0x00000006dd400000, 0x000000076ab00000)
  object space 479232K, 73% used [0x00000006c0000000,0x00000006d5a1a868,0x00000006dd400000)
 Metaspace       used 6573K, capacity 7320K, committed 7680K, reserved 1056768K
  class space    used 616K, capacity 656K, committed 768K, reserved 1048576K
}
Event: 22.445 GC heap before
{Heap before GC invocations=17 (full 3):
 PSYoungGen      total 825856K, used 825842K [0x000000076ab00000, 0x00000007b4f00000, 0x00000007c0000000)
  eden space 690688K, 100% used [0x000000076ab00000,0x0000000794d80000,0x0000000794d80000)
  from space 135168K, 99% used [0x0000000794d80000,0x000000079d17c9c8,0x000000079d180000)
  to   space 181248K, 0% used [0x00000007a9e00000,0x00000007a9e00000,0x00000007b4f00000)
 ParOldGen       total 479232K, used 354410K [0x00000006c0000000, 0x00000006dd400000, 0x000000076ab00000)
  object space 479232K, 73% used [0x00000006c0000000,0x00000006d5a1a868,0x00000006dd400000)
 Metaspace       used 6577K, capacity 7320K, committed 7680K, reserved 1056768K
  class space    used 616K, capacity 656K, committed 768K, reserved 1048576K
Event: 36.227 GC heap after
Heap after GC invocations=17 (full 3):
 PSYoungGen      total 1013248K, used 156383K [0x000000076ab00000, 0x00000007bb080000, 0x00000007c0000000)
  eden space 832000K, 0% used [0x000000076ab00000,0x000000076ab00000,0x000000079d780000)
  from space 181248K, 86% used [0x00000007a9e00000,0x00000007b36b7ea8,0x00000007b4f00000)
  to   space 203264K, 0% used [0x000000079d780000,0x000000079d780000,0x00000007a9e00000)
 ParOldGen       total 479232K, used 433727K [0x00000006c0000000, 0x00000006dd400000, 0x000000076ab00000)
  object space 479232K, 90% used [0x00000006c0000000,0x00000006da78fc88,0x00000006dd400000)
 Metaspace       used 6577K, capacity 7320K, committed 7680K, reserved 1056768K
  class space    used 616K, capacity 656K, committed 768K, reserved 1048576K
}
Event: 36.343 GC heap before
{Heap before GC invocations=18 (full 4):
 PSYoungGen      total 1013248K, used 156383K [0x000000076ab00000, 0x00000007bb080000, 0x00000007c0000000)
  eden space 832000K, 0% used [0x000000076ab00000,0x000000076ab00000,0x000000079d780000)
  from space 181248K, 86% used [0x00000007a9e00000,0x00000007b36b7ea8,0x00000007b4f00000)
  to   space 203264K, 0% used [0x000000079d780000,0x000000079d780000,0x00000007a9e00000)
 ParOldGen       total 479232K, used 433727K [0x00000006c0000000, 0x00000006dd400000, 0x000000076ab00000)
  object space 479232K, 90% used [0x00000006c0000000,0x00000006da78fc88,0x00000006dd400000)
 Metaspace       used 6577K, capacity 7320K, committed 7680K, reserved 1056768K
  class space    used 616K, capacity 656K, committed 768K, reserved 1048576K

