# JRE version: Java(TM) SE Runtime Environment (8.0_101-b13) (build 1.8.0_101-b13)
# Java VM: Java HotSpot(TM) 64-Bit Server VM (25.101-b13 mixed mode linux-amd64 compressed oops)
Heap:
 PSYoungGen      total 909824K, used 44240K [0x000000076ab00000, 0x00000007b0200000, 0x00000007c0000000)
  eden space 735744K, 0% used [0x000000076ab00000,0x000000076ab00000,0x0000000797980000)
  from space 174080K, 25% used [0x00000007a2700000,0x00000007a5234250,0x00000007ad100000)
  to   space 177664K, 0% used [0x0000000797980000,0x0000000797980000,0x00000007a2700000)
 ParOldGen       total 626176K, used 626091K [0x00000006c0000000, 0x00000006e6380000, 0x000000076ab00000)
  object space 626176K, 99% used [0x00000006c0000000,0x00000006e636ad90,0x00000006e6380000)
 Metaspace       used 6587K, capacity 7320K, committed 7680K, reserved 1056768K
  class space    used 616K, capacity 656K, committed 768K, reserved 1048576K
GC Heap History (10 events):
Event: 32.703 GC heap after
Heap after GC invocations=18 (full 3):
 PSYoungGen      total 639488K, used 106490K [0x000000076ab00000, 0x00000007a2f00000, 0x00000007c0000000)
  eden space 532992K, 0% used [0x000000076ab00000,0x000000076ab00000,0x000000078b380000)
  from space 106496K, 99% used [0x000000078b380000,0x0000000791b7eb88,0x0000000791b80000)
  to   space 138240K, 0% used [0x000000079a800000,0x000000079a800000,0x00000007a2f00000)
 ParOldGen       total 410624K, used 299220K [0x00000006c0000000, 0x00000006d9100000, 0x000000076ab00000)
  object space 410624K, 72% used [0x00000006c0000000,0x00000006d24351d8,0x00000006d9100000)
 Metaspace       used 6580K, capacity 7320K, committed 7680K, reserved 1056768K
  class space    used 616K, capacity 656K, committed 768K, reserved 1048576K
}
Event: 34.535 GC heap before
{Heap before GC invocations=19 (full 3):
 PSYoungGen      total 639488K, used 639482K [0x000000076ab00000, 0x00000007a2f00000, 0x00000007c0000000)
  eden space 532992K, 100% used [0x000000076ab00000,0x000000078b380000,0x000000078b380000)
  from space 106496K, 99% used [0x000000078b380000,0x0000000791b7eb88,0x0000000791b80000)
  to   space 138240K, 0% used [0x000000079a800000,0x000000079a800000,0x00000007a2f00000)
 ParOldGen       total 410624K, used 299220K [0x00000006c0000000, 0x00000006d9100000, 0x000000076ab00000)
  object space 410624K, 72% used [0x00000006c0000000,0x00000006d24351d8,0x00000006d9100000)
 Metaspace       used 6582K, capacity 7320K, committed 7680K, reserved 1056768K
  class space    used 616K, capacity 656K, committed 768K, reserved 1048576K
Event: 34.940 GC heap after
Heap after GC invocations=19 (full 3):
 PSYoungGen      total 779776K, used 82993K [0x000000076ab00000, 0x00000007a3f00000, 0x00000007c0000000)
  eden space 641536K, 0% used [0x000000076ab00000,0x000000076ab00000,0x0000000791d80000)
  from space 138240K, 60% used [0x000000079a800000,0x000000079f90c698,0x00000007a2f00000)
  to   space 141824K, 0% used [0x0000000791d80000,0x0000000791d80000,0x000000079a800000)
 ParOldGen       total 410624K, used 406317K [0x00000006c0000000, 0x00000006d9100000, 0x000000076ab00000)
  object space 410624K, 98% used [0x00000006c0000000,0x00000006d8ccb428,0x00000006d9100000)
 Metaspace       used 6582K, capacity 7320K, committed 7680K, reserved 1056768K
  class space    used 616K, capacity 656K, committed 768K, reserved 1048576K
}
Event: 34.940 GC heap before
{Heap before GC invocations=20 (full 4):
 PSYoungGen      total 779776K, used 82993K [0x000000076ab00000, 0x00000007a3f00000, 0x00000007c0000000)
  eden space 641536K, 0% used [0x000000076ab00000,0x000000076ab00000,0x0000000791d80000)
  from space 138240K, 60% used [0x000000079a800000,0x000000079f90c698,0x00000007a2f00000)
  to   space 141824K, 0% used [0x0000000791d80000,0x0000000791d80000,0x000000079a800000)
 ParOldGen       total 410624K, used 406317K [0x00000006c0000000, 0x00000006d9100000, 0x000000076ab00000)
  object space 410624K, 98% used [0x00000006c0000000,0x00000006d8ccb428,0x00000006d9100000)
 Metaspace       used 6582K, capacity 7320K, committed 7680K, reserved 1056768K
  class space    used 616K, capacity 656K, committed 768K, reserved 1048576K
Event: 37.932 GC heap after
Heap after GC invocations=20 (full 4):
 PSYoungGen      total 779776K, used 76355K [0x000000076ab00000, 0x00000007a3f00000, 0x00000007c0000000)
  eden space 641536K, 0% used [0x000000076ab00000,0x000000076ab00000,0x0000000791d80000)
  from space 138240K, 55% used [0x000000079a800000,0x000000079f290f58,0x00000007a2f00000)
  to   space 141824K, 0% used [0x0000000791d80000,0x0000000791d80000,0x000000079a800000)
 ParOldGen       total 626176K, used 410413K [0x00000006c0000000, 0x00000006e6380000, 0x000000076ab00000)
  object space 626176K, 65% used [0x00000006c0000000,0x00000006d90cb490,0x00000006e6380000)
 Metaspace       used 6582K, capacity 7320K, committed 7680K, reserved 1056768K
  class space    used 616K, capacity 656K, committed 768K, reserved 1048576K
}
Event: 39.868 GC heap before
{Heap before GC invocations=21 (full 4):
 PSYoungGen      total 779776K, used 717891K [0x000000076ab00000, 0x00000007a3f00000, 0x00000007c0000000)
  eden space 641536K, 100% used [0x000000076ab00000,0x0000000791d80000,0x0000000791d80000)
  from space 138240K, 55% used [0x000000079a800000,0x000000079f290f58,0x00000007a2f00000)
  to   space 141824K, 0% used [0x0000000791d80000,0x0000000791d80000,0x000000079a800000)
 ParOldGen       total 626176K, used 410413K [0x00000006c0000000, 0x00000006e6380000, 0x000000076ab00000)
  object space 626176K, 65% used [0x00000006c0000000,0x00000006d90cb490,0x00000006e6380000)
 Metaspace       used 6586K, capacity 7320K, committed 7680K, reserved 1056768K
  class space    used 616K, capacity 656K, committed 768K, reserved 1048576K
Event: 41.584 GC heap after
Heap after GC invocations=21 (full 4):
 PSYoungGen      total 783360K, used 141808K [0x000000076ab00000, 0x00000007ad100000, 0x00000007c0000000)
  eden space 641536K, 0% used [0x000000076ab00000,0x000000076ab00000,0x0000000791d80000)
  from space 141824K, 99% used [0x0000000791d80000,0x000000079a7fc0b8,0x000000079a800000)
  to   space 174080K, 0% used [0x00000007a2700000,0x00000007a2700000,0x00000007ad100000)
 ParOldGen       total 626176K, used 433777K [0x00000006c0000000, 0x00000006e6380000, 0x000000076ab00000)
  object space 626176K, 69% used [0x00000006c0000000,0x00000006da79c568,0x00000006e6380000)
 Metaspace       used 6586K, capacity 7320K, committed 7680K, reserved 1056768K
  class space    used 616K, capacity 656K, committed 768K, reserved 1048576K
}
Event: 45.446 GC heap before
{Heap before GC invocations=22 (full 4):
 PSYoungGen      total 783360K, used 783344K [0x000000076ab00000, 0x00000007ad100000, 0x00000007c0000000)
  eden space 641536K, 100% used [0x000000076ab00000,0x0000000791d80000,0x0000000791d80000)
  from space 141824K, 99% used [0x0000000791d80000,0x000000079a7fc0b8,0x000000079a800000)
  to   space 174080K, 0% used [0x00000007a2700000,0x00000007a2700000,0x00000007ad100000)
 ParOldGen       total 626176K, used 433777K [0x00000006c0000000, 0x00000006e6380000, 0x000000076ab00000)
  object space 626176K, 69% used [0x00000006c0000000,0x00000006da79c568,0x00000006e6380000)
 Metaspace       used 6587K, capacity 7320K, committed 7680K, reserved 1056768K
  class space    used 616K, capacity 656K, committed 768K, reserved 1048576K
Event: 61.613 GC heap after
Heap after GC invocations=22 (full 4):
 PSYoungGen      total 909824K, used 102557K [0x000000076ab00000, 0x00000007b0200000, 0x00000007c0000000)
  eden space 735744K, 0% used [0x000000076ab00000,0x000000076ab00000,0x0000000797980000)
  from space 174080K, 58% used [0x00000007a2700000,0x00000007a8b275c0,0x00000007ad100000)
  to   space 177664K, 0% used [0x0000000797980000,0x0000000797980000,0x00000007a2700000)
 ParOldGen       total 626176K, used 576504K [0x00000006c0000000, 0x00000006e6380000, 0x000000076ab00000)
  object space 626176K, 92% used [0x00000006c0000000,0x00000006e32fe220,0x00000006e6380000)
 Metaspace       used 6587K, capacity 7320K, committed 7680K, reserved 1056768K
  class space    used 616K, capacity 656K, committed 768K, reserved 1048576K
}
Event: 61.800 GC heap before
{Heap before GC invocations=23 (full 5):
 PSYoungGen      total 909824K, used 102557K [0x000000076ab00000, 0x00000007b0200000, 0x00000007c0000000)
  eden space 735744K, 0% used [0x000000076ab00000,0x000000076ab00000,0x0000000797980000)
  from space 174080K, 58% used [0x00000007a2700000,0x00000007a8b275c0,0x00000007ad100000)
  to   space 177664K, 0% used [0x0000000797980000,0x0000000797980000,0x00000007a2700000)
 ParOldGen       total 626176K, used 576504K [0x00000006c0000000, 0x00000006e6380000, 0x000000076ab00000)
  object space 626176K, 92% used [0x00000006c0000000,0x00000006e32fe220,0x00000006e6380000)
 Metaspace       used 6587K, capacity 7320K, committed 7680K, reserved 1056768K
  class space    used 616K, capacity 656K, committed 768K, reserved 1048576K

